Starting RL.py with args: Namespace(dataset_base_dir='/home/mount/UWB_Locate/data_set', experiment_tag='RL_Combo_kurtosis', features_to_use='kurtosis', output_base_dir='/home/mount/UWB_Locate/paper_results_20250507_172039/RL_FeatureCombinations_Standard', test_env=None, train_envs=None)
Standard mode: Training and testing on each environment individually.
Using features: ['kurtosis']

Processing Test Environment: environment0 (1/4)
  GMM Training (Standard Mode) - Starting for: environment0
  GMM Training (Standard Mode) - Samples for environment0: 101177, Features (incl. dist): 2
  GMM Training (Standard Mode) - EM finished in 100 iterations for environment0. Model is_trained: True
  GMM Training (Standard Mode) - Completed for environment0 in 271.62 seconds.
  Testing RL on environment: environment0 - Starting...
    Test Run Iteration: 1/1 for environment0
      Testing agent_pos: 17/17 ('3.44_10.63_1.20')
    Test Run Iteration 1 for environment0 took 52.03s. Mean error: 4.4519877283339016
  [RL_Combo_kurtosis][Test Env: environment0] Overall Avg Error: 4.4520 m, Overall Avg Time: 52.033 s

Processing Test Environment: environment1 (2/4)
  GMM Training (Standard Mode) - Starting for: environment1
  GMM Training (Standard Mode) - Samples for environment1: 95232, Features (incl. dist): 2
  GMM Training (Standard Mode) - EM finished in 100 iterations for environment1. Model is_trained: True
  GMM Training (Standard Mode) - Completed for environment1 in 257.99 seconds.
  Testing RL on environment: environment1 - Starting...
    Test Run Iteration: 1/1 for environment1
      Testing agent_pos: 16/16 ('1.24_4.40_0.95')
    Test Run Iteration 1 for environment1 took 60.95s. Mean error: 0.9833513910416747
  [RL_Combo_kurtosis][Test Env: environment1] Overall Avg Error: 0.9834 m, Overall Avg Time: 60.955 s

Processing Test Environment: environment2 (3/4)
  GMM Training (Standard Mode) - Starting for: environment2
