Starting RL.py with args: Namespace(dataset_base_dir='/home/mount/UWB_Locate/data_set', experiment_tag='RL_Combo_rise_time', features_to_use='rise_time', output_base_dir='/home/mount/UWB_Locate/paper_results_20250507_172039/RL_FeatureCombinations_Standard', test_env=None, train_envs=None)
Standard mode: Training and testing on each environment individually.
Using features: ['rise_time']

Processing Test Environment: environment0 (1/4)
  GMM Training (Standard Mode) - Starting for: environment0
  GMM Training (Standard Mode) - Samples for environment0: 101177, Features (incl. dist): 2
  GMM Training (Standard Mode) - EM finished in 100 iterations for environment0. Model is_trained: True
  GMM Training (Standard Mode) - Completed for environment0 in 272.82 seconds.
  Testing RL on environment: environment0 - Starting...
    Test Run Iteration: 1/1 for environment0
      Testing agent_pos: 17/17 ('3.44_10.63_1.20')
    Test Run Iteration 1 for environment0 took 69.10s. Mean error: 5.8380956473236845
  [RL_Combo_rise_time][Test Env: environment0] Overall Avg Error: 5.8381 m, Overall Avg Time: 69.103 s

Processing Test Environment: environment1 (2/4)
  GMM Training (Standard Mode) - Starting for: environment1
  GMM Training (Standard Mode) - Samples for environment1: 95232, Features (incl. dist): 2
  GMM Training (Standard Mode) - EM finished in 100 iterations for environment1. Model is_trained: True
  GMM Training (Standard Mode) - Completed for environment1 in 236.01 seconds.
  Testing RL on environment: environment1 - Starting...
    Test Run Iteration: 1/1 for environment1
      Testing agent_pos: 16/16 ('1.24_4.40_0.95')
    Test Run Iteration 1 for environment1 took 52.23s. Mean error: 1.1525044393941375
  [RL_Combo_rise_time][Test Env: environment1] Overall Avg Error: 1.1525 m, Overall Avg Time: 52.235 s

Processing Test Environment: environment2 (3/4)
  GMM Training (Standard Mode) - Starting for: environment2
  GMM Training (Standard Mode) - Samples for environment2: 87230, Features (incl. dist): 2
  GMM Training (Standard Mode) - EM finished in 100 iterations for environment2. Model is_trained: True
  GMM Training (Standard Mode) - Completed for environment2 in 206.95 seconds.
  Testing RL on environment: environment2 - Starting...
    Test Run Iteration: 1/1 for environment2
      Testing agent_pos: 17/17 ('20.30_2.20_1.32')
    Test Run Iteration 1 for environment2 took 54.13s. Mean error: 10.915524855521022
  [RL_Combo_rise_time][Test Env: environment2] Overall Avg Error: 10.9155 m, Overall Avg Time: 54.132 s

Processing Test Environment: environment3 (4/4)
  GMM Training (Standard Mode) - Starting for: environment3
  GMM Training (Standard Mode) - Samples for environment3: 95211, Features (incl. dist): 2
  GMM Training (Standard Mode) - EM finished in 100 iterations for environment3. Model is_trained: True
  GMM Training (Standard Mode) - Completed for environment3 in 235.23 seconds.
  Testing RL on environment: environment3 - Starting...
    Test Run Iteration: 1/1 for environment3
      Testing agent_pos: 17/17 ('10.78_11.15_1.20')
    Test Run Iteration 1 for environment3 took 55.48s. Mean error: 6.180355459716783
  [RL_Combo_rise_time][Test Env: environment3] Overall Avg Error: 6.1804 m, Overall Avg Time: 55.484 s
RL detailed results for this run saved to /home/mount/UWB_Locate/paper_results_20250507_172039/RL_FeatureCombinations_Standard/RL_RL_Combo_rise_time_std_allenvs_feats_RT.csv
RL.py execution finished for experiment: RL_Combo_rise_time
