Starting RL.py with args: Namespace(dataset_base_dir='/home/mount/UWB_Locate/data_set', experiment_tag='RL_Combo_delay_spread_rms_delay_kurtosis', features_to_use='delay_spread,rms_delay,kurtosis', output_base_dir='/home/mount/UWB_Locate/paper_results_20250507_172039/RL_FeatureCombinations_Standard', test_env=None, train_envs=None)
Standard mode: Training and testing on each environment individually.
Using features: ['delay_spread', 'rms_delay', 'kurtosis']

Processing Test Environment: environment0 (1/4)
  GMM Training (Standard Mode) - Starting for: environment0
  GMM Training (Standard Mode) - Samples for environment0: 101177, Features (incl. dist): 4
  GMM Training (Standard Mode) - EM finished in 100 iterations for environment0. Model is_trained: True
  GMM Training (Standard Mode) - Completed for environment0 in 285.01 seconds.
  Testing RL on environment: environment0 - Starting...
    Test Run Iteration: 1/1 for environment0
      Testing agent_pos: 17/17 ('3.44_10.63_1.20')
    Test Run Iteration 1 for environment0 took 59.14s. Mean error: 3.723210549998139
  [RL_Combo_delay_spread_rms_delay_kurtosis][Test Env: environment0] Overall Avg Error: 3.7232 m, Overall Avg Time: 59.144 s

Processing Test Environment: environment1 (2/4)
  GMM Training (Standard Mode) - Starting for: environment1
  GMM Training (Standard Mode) - Samples for environment1: 95232, Features (incl. dist): 4
  GMM Training (Standard Mode) - EM finished in 100 iterations for environment1. Model is_trained: True
  GMM Training (Standard Mode) - Completed for environment1 in 278.59 seconds.
  Testing RL on environment: environment1 - Starting...
    Test Run Iteration: 1/1 for environment1
      Testing agent_pos: 16/16 ('1.24_4.40_0.95')
    Test Run Iteration 1 for environment1 took 55.84s. Mean error: 0.983458153477343
  [RL_Combo_delay_spread_rms_delay_kurtosis][Test Env: environment1] Overall Avg Error: 0.9835 m, Overall Avg Time: 55.836 s

Processing Test Environment: environment2 (3/4)
  GMM Training (Standard Mode) - Starting for: environment2
  GMM Training (Standard Mode) - Samples for environment2: 87230, Features (incl. dist): 4
  GMM Training (Standard Mode) - EM finished in 100 iterations for environment2. Model is_trained: True
  GMM Training (Standard Mode) - Completed for environment2 in 242.53 seconds.
  Testing RL on environment: environment2 - Starting...
    Test Run Iteration: 1/1 for environment2
      Testing agent_pos: 17/17 ('20.30_2.20_1.32')
    Test Run Iteration 1 for environment2 took 65.20s. Mean error: 9.332565316827571
  [RL_Combo_delay_spread_rms_delay_kurtosis][Test Env: environment2] Overall Avg Error: 9.3326 m, Overall Avg Time: 65.202 s

Processing Test Environment: environment3 (4/4)
  GMM Training (Standard Mode) - Starting for: environment3
  GMM Training (Standard Mode) - Samples for environment3: 95211, Features (incl. dist): 4
  GMM Training (Standard Mode) - EM finished in 100 iterations for environment3. Model is_trained: True
  GMM Training (Standard Mode) - Completed for environment3 in 272.83 seconds.
  Testing RL on environment: environment3 - Starting...
    Test Run Iteration: 1/1 for environment3
      Testing agent_pos: 17/17 ('10.78_11.15_1.20')
    Test Run Iteration 1 for environment3 took 65.58s. Mean error: 4.296799369790533
  [RL_Combo_delay_spread_rms_delay_kurtosis][Test Env: environment3] Overall Avg Error: 4.2968 m, Overall Avg Time: 65.579 s
RL detailed results for this run saved to /home/mount/UWB_Locate/paper_results_20250507_172039/RL_FeatureCombinations_Standard/RL_RL_Combo_delay_spread_rms_delay_kurtosis_std_allenvs_feats_DS_RMSD_K.csv
RL.py execution finished for experiment: RL_Combo_delay_spread_rms_delay_kurtosis
