Starting RL.py with args: Namespace(dataset_base_dir='/home/mount/UWB_Locate/data_set', experiment_tag='RL_Combo_energy_max_amp_rise_time', features_to_use='energy,max_amp,rise_time', output_base_dir='/home/mount/UWB_Locate/paper_results_20250507_172039/RL_FeatureCombinations_Standard', test_env=None, train_envs=None)
Standard mode: Training and testing on each environment individually.
Using features: ['energy', 'max_amp', 'rise_time']

Processing Test Environment: environment0 (1/4)
  GMM Training (Standard Mode) - Starting for: environment0
  GMM Training (Standard Mode) - Samples for environment0: 101177, Features (incl. dist): 4
  GMM Training (Standard Mode) - EM finished in 100 iterations for environment0. Model is_trained: True
  GMM Training (Standard Mode) - Completed for environment0 in 263.33 seconds.
  Testing RL on environment: environment0 - Starting...
    Test Run Iteration: 1/1 for environment0
      Testing agent_pos: 17/17 ('3.44_10.63_1.20')
    Test Run Iteration 1 for environment0 took 48.09s. Mean error: 2.850883053862767
  [RL_Combo_energy_max_amp_rise_time][Test Env: environment0] Overall Avg Error: 2.8509 m, Overall Avg Time: 48.092 s

Processing Test Environment: environment1 (2/4)
  GMM Training (Standard Mode) - Starting for: environment1
  GMM Training (Standard Mode) - Samples for environment1: 95232, Features (incl. dist): 4
  GMM Training (Standard Mode) - EM finished in 100 iterations for environment1. Model is_trained: True
  GMM Training (Standard Mode) - Completed for environment1 in 245.50 seconds.
  Testing RL on environment: environment1 - Starting...
    Test Run Iteration: 1/1 for environment1
      Testing agent_pos: 16/16 ('1.24_4.40_0.95')
    Test Run Iteration 1 for environment1 took 48.63s. Mean error: 1.0054402665861963
  [RL_Combo_energy_max_amp_rise_time][Test Env: environment1] Overall Avg Error: 1.0054 m, Overall Avg Time: 48.629 s

Processing Test Environment: environment2 (3/4)
  GMM Training (Standard Mode) - Starting for: environment2
  GMM Training (Standard Mode) - Samples for environment2: 87230, Features (incl. dist): 4
  GMM Training (Standard Mode) - EM finished in 100 iterations for environment2. Model is_trained: True
  GMM Training (Standard Mode) - Completed for environment2 in 219.16 seconds.
  Testing RL on environment: environment2 - Starting...
    Test Run Iteration: 1/1 for environment2
      Testing agent_pos: 17/17 ('20.30_2.20_1.32')
    Test Run Iteration 1 for environment2 took 47.32s. Mean error: 6.724084271419147
  [RL_Combo_energy_max_amp_rise_time][Test Env: environment2] Overall Avg Error: 6.7241 m, Overall Avg Time: 47.316 s

Processing Test Environment: environment3 (4/4)
  GMM Training (Standard Mode) - Starting for: environment3
  GMM Training (Standard Mode) - Samples for environment3: 95211, Features (incl. dist): 4
  GMM Training (Standard Mode) - EM finished in 100 iterations for environment3. Model is_trained: True
  GMM Training (Standard Mode) - Completed for environment3 in 242.96 seconds.
  Testing RL on environment: environment3 - Starting...
    Test Run Iteration: 1/1 for environment3
      Testing agent_pos: 17/17 ('10.78_11.15_1.20')
    Test Run Iteration 1 for environment3 took 66.35s. Mean error: 0.9471004119146966
  [RL_Combo_energy_max_amp_rise_time][Test Env: environment3] Overall Avg Error: 0.9471 m, Overall Avg Time: 66.350 s
RL detailed results for this run saved to /home/mount/UWB_Locate/paper_results_20250507_172039/RL_FeatureCombinations_Standard/RL_RL_Combo_energy_max_amp_rise_time_std_allenvs_feats_E_MA_RT.csv
RL.py execution finished for experiment: RL_Combo_energy_max_amp_rise_time
