Starting RL.py with args: Namespace(dataset_base_dir='/home/mount/UWB_Locate/data_set', experiment_tag='RL_Combo_energy_delay_spread', features_to_use='energy,delay_spread', output_base_dir='/home/mount/UWB_Locate/paper_results_20250507_172039/RL_FeatureCombinations_Standard', test_env=None, train_envs=None)
Standard mode: Training and testing on each environment individually.
Using features: ['energy', 'delay_spread']

Processing Test Environment: environment0 (1/4)
  GMM Training (Standard Mode) - Starting for: environment0
  GMM Training (Standard Mode) - Samples for environment0: 101177, Features (incl. dist): 3
  GMM Training (Standard Mode) - EM finished in 100 iterations for environment0. Model is_trained: True
  GMM Training (Standard Mode) - Completed for environment0 in 300.10 seconds.
  Testing RL on environment: environment0 - Starting...
    Test Run Iteration: 1/1 for environment0
      Testing agent_pos: 17/17 ('3.44_10.63_1.20')
    Test Run Iteration 1 for environment0 took 67.97s. Mean error: 5.838940434480374
  [RL_Combo_energy_delay_spread][Test Env: environment0] Overall Avg Error: 5.8389 m, Overall Avg Time: 67.975 s

Processing Test Environment: environment1 (2/4)
  GMM Training (Standard Mode) - Starting for: environment1
  GMM Training (Standard Mode) - Samples for environment1: 95232, Features (incl. dist): 3
  GMM Training (Standard Mode) - EM finished in 100 iterations for environment1. Model is_trained: True
  GMM Training (Standard Mode) - Completed for environment1 in 263.69 seconds.
  Testing RL on environment: environment1 - Starting...
    Test Run Iteration: 1/1 for environment1
      Testing agent_pos: 16/16 ('1.24_4.40_0.95')
    Test Run Iteration 1 for environment1 took 75.50s. Mean error: 1.1525059610129724
  [RL_Combo_energy_delay_spread][Test Env: environment1] Overall Avg Error: 1.1525 m, Overall Avg Time: 75.503 s

Processing Test Environment: environment2 (3/4)
  GMM Training (Standard Mode) - Starting for: environment2
  GMM Training (Standard Mode) - Samples for environment2: 87230, Features (incl. dist): 3
  GMM Training (Standard Mode) - EM finished in 100 iterations for environment2. Model is_trained: True
  GMM Training (Standard Mode) - Completed for environment2 in 245.43 seconds.
  Testing RL on environment: environment2 - Starting...
    Test Run Iteration: 1/1 for environment2
      Testing agent_pos: 17/17 ('20.30_2.20_1.32')
    Test Run Iteration 1 for environment2 took 63.96s. Mean error: 10.915505175660444
  [RL_Combo_energy_delay_spread][Test Env: environment2] Overall Avg Error: 10.9155 m, Overall Avg Time: 63.957 s

Processing Test Environment: environment3 (4/4)
  GMM Training (Standard Mode) - Starting for: environment3
  GMM Training (Standard Mode) - Samples for environment3: 95211, Features (incl. dist): 3
  GMM Training (Standard Mode) - EM finished in 100 iterations for environment3. Model is_trained: True
  GMM Training (Standard Mode) - Completed for environment3 in 291.11 seconds.
  Testing RL on environment: environment3 - Starting...
    Test Run Iteration: 1/1 for environment3
      Testing agent_pos: 17/17 ('10.78_11.15_1.20')
    Test Run Iteration 1 for environment3 took 63.75s. Mean error: 6.180261749244878
  [RL_Combo_energy_delay_spread][Test Env: environment3] Overall Avg Error: 6.1803 m, Overall Avg Time: 63.746 s
RL detailed results for this run saved to /home/mount/UWB_Locate/paper_results_20250507_172039/RL_FeatureCombinations_Standard/RL_RL_Combo_energy_delay_spread_std_allenvs_feats_E_DS.csv
RL.py execution finished for experiment: RL_Combo_energy_delay_spread
