Starting RL.py with args: Namespace(dataset_base_dir='/home/mount/UWB_Locate/data_set', experiment_tag='RL_DefaultAllFeatures_Standard', features_to_use='energy,max_amp,rise_time,delay_spread,rms_delay,kurtosis', output_base_dir='/home/mount/UWB_Locate/paper_results_20250507_172039/RL_DefaultAllFeatures_Standard', test_env=None, train_envs=None)
Standard mode: Training and testing on each environment individually.
Using features: ['energy', 'max_amp', 'rise_time', 'delay_spread', 'rms_delay', 'kurtosis']

Processing Test Environment: environment0 (1/4)
  GMM Training (Standard Mode) - Starting for: environment0
  GMM Training (Standard Mode) - Samples for environment0: 101177, Features (incl. dist): 7
  GMM Training (Standard Mode) - EM finished in 100 iterations for environment0. Model is_trained: True
  GMM Training (Standard Mode) - Completed for environment0 in 236.51 seconds.
  Testing RL on environment: environment0 - Starting...
    Test Run Iteration: 1/1 for environment0
      Testing agent_pos: 17/17 ('3.44_10.63_1.20')
    Test Run Iteration 1 for environment0 took 50.10s. Mean error: 2.8961461745467436
  [RL_DefaultAllFeatures_Standard][Test Env: environment0] Overall Avg Error: 2.8961 m, Overall Avg Time: 50.096 s

Processing Test Environment: environment1 (2/4)
  GMM Training (Standard Mode) - Starting for: environment1
  GMM Training (Standard Mode) - Samples for environment1: 95232, Features (incl. dist): 7
  GMM Training (Standard Mode) - EM finished in 100 iterations for environment1. Model is_trained: True
  GMM Training (Standard Mode) - Completed for environment1 in 227.67 seconds.
  Testing RL on environment: environment1 - Starting...
    Test Run Iteration: 1/1 for environment1
      Testing agent_pos: 16/16 ('1.24_4.40_0.95')
    Test Run Iteration 1 for environment1 took 54.98s. Mean error: 0.9238574157094156
  [RL_DefaultAllFeatures_Standard][Test Env: environment1] Overall Avg Error: 0.9239 m, Overall Avg Time: 54.979 s

Processing Test Environment: environment2 (3/4)
  GMM Training (Standard Mode) - Starting for: environment2
  GMM Training (Standard Mode) - Samples for environment2: 87230, Features (incl. dist): 7
  GMM Training (Standard Mode) - EM finished in 100 iterations for environment2. Model is_trained: True
  GMM Training (Standard Mode) - Completed for environment2 in 195.51 seconds.
  Testing RL on environment: environment2 - Starting...
    Test Run Iteration: 1/1 for environment2
      Testing agent_pos: 17/17 ('20.30_2.20_1.32')
    Test Run Iteration 1 for environment2 took 50.30s. Mean error: 8.991838769104186
  [RL_DefaultAllFeatures_Standard][Test Env: environment2] Overall Avg Error: 8.9918 m, Overall Avg Time: 50.295 s

Processing Test Environment: environment3 (4/4)
  GMM Training (Standard Mode) - Starting for: environment3
  GMM Training (Standard Mode) - Samples for environment3: 95211, Features (incl. dist): 7
  GMM Training (Standard Mode) - EM finished in 100 iterations for environment3. Model is_trained: True
  GMM Training (Standard Mode) - Completed for environment3 in 209.52 seconds.
  Testing RL on environment: environment3 - Starting...
    Test Run Iteration: 1/1 for environment3
      Testing agent_pos: 17/17 ('10.78_11.15_1.20')
    Test Run Iteration 1 for environment3 took 53.95s. Mean error: 1.5651255743785257
  [RL_DefaultAllFeatures_Standard][Test Env: environment3] Overall Avg Error: 1.5651 m, Overall Avg Time: 53.949 s
RL detailed results for this run saved to /home/mount/UWB_Locate/paper_results_20250507_172039/RL_DefaultAllFeatures_Standard/RL_RL_DefaultAllFeatures_Standard_std_allenvs_feats_E_MA_RT_DS_RMSD_K.csv
RL.py execution finished for experiment: RL_DefaultAllFeatures_Standard
